
info: User sironi@gmail.com logged in at Mon Feb 12 2024 08:27:42 GMT+0800 (Philippine Standard Time)
info: User sironi@gmail.com logged in at Mon Feb 12 2024 08:28:50 GMT+0800 (Philippine Standard Time)
info: User sironi@gmail.com logged in at Mon Feb 12 2024 08:31:36 GMT+0800 (Philippine Standard Time)
info: User sironi@gmail.com logged in at Mon Feb 12 2024 08:41:48 GMT+0800 (Philippine Standard Time)
info: User sironi@gmail.com logged in at Mon Feb 12 2024 08:42:54 GMT+0800 (Philippine Standard Time)
info: User: admin@gmail.com logged in at Mon Feb 12 2024 08:50:06 GMT+0800 (Philippine Standard Time)
info: User: admin@gmail.com logged in at Mon Feb 12 2024 09:39:13 GMT+0800 (Philippine Standard Time)
info: User: admin@gmail.com logged in at Mon Feb 12 2024 09:43:24 GMT+0800 (Philippine Standard Time)
info: User: admin@gmail.com logged in at Mon Feb 12 2024 09:49:37 GMT+0800 (Philippine Standard Time)
info: User: admin@gmail.com logged in at Mon Feb 12 2024 09:52:13 GMT+0800 (Philippine Standard Time)
info: User dioceseadmin@gmail.com logged in at Mon Feb 12 2024 10:55:11 GMT+0800 (Philippine Standard Time)
info: User dioceseadmin@gmail.com logged in at Mon Feb 12 2024 10:57:42 GMT+0800 (Philippine Standard Time)
info: User dioceseadmin@gmail.com logged in at Mon Feb 12 2024 12:10:59 GMT+0800 (Philippine Standard Time)
info: User superman@devXI01x.com logged in at Mon Feb 12 2024 12:11:57 GMT+0800 (Philippine Standard Time)
info: User superman@devXI01x.com logged in at Mon Feb 12 2024 12:15:36 GMT+0800 (Philippine Standard Time)
info: User sironi@gmail.com logged in at Mon Feb 12 2024 17:05:09 GMT+0800 (Philippine Standard Time)
info: User sironi@gmail.com logged in at Mon Feb 12 2024 17:11:53 GMT+0800 (Philippine Standard Time)
info: User sironi@gmail.com logged in at Mon Feb 12 2024 17:15:05 GMT+0800 (Philippine Standard Time)
info: User sironi@gmail.com logged in at Mon Feb 12 2024 17:30:05 GMT+0800 (Philippine Standard Time)
info: User sironi@gmail.com logged in at Mon Feb 12 2024 17:30:45 GMT+0800 (Philippine Standard Time)
info: User sironi@gmail.com logged in at Mon Feb 12 2024 17:31:06 GMT+0800 (Philippine Standard Time)
info: User sironi@gmail.com logged in at Mon Feb 12 2024 17:32:49 GMT+0800 (Philippine Standard Time)
info: User: admin@gmail.com logged in at Mon Feb 12 2024 17:39:23 GMT+0800 (Philippine Standard Time)
info: User sirryan@gmail.com logged in at Mon Feb 12 2024 17:44:25 GMT+0800 (Philippine Standard Time)
info: User: admin@gmail.com logged in at Mon Feb 12 2024 17:48:47 GMT+0800 (Philippine Standard Time)
info: User: admin@gmail.com logged in at Mon Feb 12 2024 17:54:04 GMT+0800 (Philippine Standard Time)
info: User: admin@gmail.com logged in at Mon Feb 12 2024 17:56:42 GMT+0800 (Philippine Standard Time)
info: User: admin@gmail.com logged in at Mon Feb 12 2024 18:07:27 GMT+0800 (Philippine Standard Time)
info: User dioceseadmin@gmail.com logged in at Mon Feb 12 2024 19:00:21 GMT+0800 (Philippine Standard Time)
info: User superman@devXI01x.com logged in at Mon Feb 12 2024 19:14:22 GMT+0800 (Philippine Standard Time)
info: User: admin@gmail.com logged in at Mon Feb 12 2024 20:55:50 GMT+0800 (Philippine Standard Time)
info: User superman@devXI01x.com logged in at Mon Feb 12 2024 21:32:03 GMT+0800 (Philippine Standard Time)
info: User superman@devXI01x.com logged in at Mon Feb 12 2024 21:54:29 GMT+0800 (Philippine Standard Time)
info: User superman@devXI01x.com logged in at Mon Feb 12 2024 21:58:43 GMT+0800 (Philippine Standard Time)
info: User superman@devXI01x.com logged in at Mon Feb 12 2024 21:59:15 GMT+0800 (Philippine Standard Time)
info: User superman@devXI01x.com logged in at Mon Feb 12 2024 21:59:54 GMT+0800 (Philippine Standard Time)
info: User superman@devXI01x.com logged in at Mon Feb 12 2024 22:06:10 GMT+0800 (Philippine Standard Time)
info: User superman@devXI01x.com logged in at Tue Feb 13 2024 07:38:36 GMT+0800 (Philippine Standard Time)
info: User: admin@gmail.com logged in at Tue Feb 13 2024 07:38:57 GMT+0800 (Philippine Standard Time)
info: User sirryan@gmail.com logged in at Tue Feb 13 2024 07:39:42 GMT+0800 (Philippine Standard Time)
info: User dioceseadmin@gmail.com logged in at Tue Feb 13 2024 07:40:07 GMT+0800 (Philippine Standard Time)
info: User sirryan@gmail.com logged in at Tue Feb 13 2024 07:43:13 GMT+0800 (Philippine Standard Time)
info: User: admin@gmail.com logged in at Sat Feb 24 2024 09:20:01 GMT+0800 (Philippine Standard Time)
info: User sirryan@gmail.com logged in at Sat Feb 24 2024 09:26:19 GMT+0800 (Philippine Standard Time)
info: User sirryan@gmail.com logged in at Sat Feb 24 2024 09:43:56 GMT+0800 (Philippine Standard Time)
info: User: admin@gmail.com logged in at Sat Feb 24 2024 09:51:18 GMT+0800 (Philippine Standard Time)
info: User: admin@gmail.com logged in at Sat Feb 24 2024 12:10:44 GMT+0800 (Philippine Standard Time)
info: User: admin@gmail.com logged in at Sat Feb 24 2024 17:54:04 GMT+0800 (Philippine Standard Time)
info: User: admin@gmail.com logged in at Thu Feb 29 2024 05:37:17 GMT+0800 (Philippine Standard Time)
info: User sirryan@gmail.com logged in at Thu Feb 29 2024 05:37:38 GMT+0800 (Philippine Standard Time)
info: User sironi@gmail.com logged in at Thu May 16 2024 20:01:30 GMT+0800 (Philippine Standard Time)
info: User superman@devXI01x.com logged in at Thu May 16 2024 20:03:27 GMT+0800 (Philippine Standard Time)
info: User superman@devXI01x.com logged in at Thu May 16 2024 20:04:01 GMT+0800 (Philippine Standard Time)
info: User superman@devXI01x.com logged in at Mon Jun 10 2024 15:39:03 GMT+0800 (Philippine Standard Time)
info: User superman@devXI01x.com logged in at Mon Jun 10 2024 15:39:46 GMT+0800 (Philippine Standard Time)
info: User: admin@gmail.com logged in at Mon Jun 10 2024 15:41:54 GMT+0800 (Philippine Standard Time)
info: User: admin@gmail.com logged in at Tue Sep 10 2024 07:27:19 GMT+0800 (Philippine Standard Time)
info: User: admin@gmail.com logged in at Tue Sep 10 2024 07:27:41 GMT+0800 (Philippine Standard Time)
info: User: admin@gmail.com logged in at Wed Sep 25 2024 12:22:08 GMT+0800 (Philippine Standard Time)
info: User: admin@gmail.com logged in at Wed Sep 25 2024 12:22:16 GMT+0800 (Philippine Standard Time)
info: User: admin@gmail.com logged in at Wed Sep 25 2024 12:27:53 GMT+0800 (Philippine Standard Time)
info: User superman@devXI01x.com logged in at Wed Sep 25 2024 12:30:10 GMT+0800 (Philippine Standard Time)
